<?xml version="1.0" encoding="UTF-8"?>
<!-- Generated by org.testng.reporters.JUnitReportReporter -->
<testsuite hostname="SANDEEP" failures="0" tests="1" name="com.swaglabs.test.End1" time="34.577" errors="0" timestamp="2025-09-08T16:31:18 IST" skipped="0">
  <testcase classname="com.swaglabs.test.End1" name="tc_060_purchaseSingleProduct" time="34.577"/>
</testsuite> <!-- com.swaglabs.test.End1 -->
