<?xml version="1.0" encoding="UTF-8"?>
<!-- Generated by org.testng.reporters.JUnitReportReporter -->
<testsuite hostname="SANDEEP" failures="0" tests="5" name="com.swaglabs.test.EndToEndTest" time="78.543" errors="0" timestamp="2025-09-08T17:15:25 IST" skipped="0">
  <testcase classname="com.swaglabs.test.EndToEndTest" name="tc_060_purchaseSingleProduct" time="7.527"/>
  <testcase classname="com.swaglabs.test.EndToEndTest" name="tc_061_purchaseMultipleProducts" time="7.781"/>
  <testcase classname="com.swaglabs.test.EndToEndTest" name="tc_sortAndCheckoutWithPriceValidation" time="9.871"/>
  <testcase classname="com.swaglabs.test.EndToEndTest" name="tc_endToend_054_cartPersistenceAcrossLogoutAndLogin" time="12.782"/>
  <testcase classname="com.swaglabs.test.EndToEndTest" name="tc_endToend_055_resetAppStateClearsCart" time="40.582"/>
</testsuite> <!-- com.swaglabs.test.EndToEndTest -->
